[INFO] [2020-03-27 12:41:34,565 -0500[ - UnifiedAgent version (pluginVersion) : 20.2.2
[INFO] [2020-03-27 12:41:38,352 -0500[ - 
------------------------------------------------------------------------
-------------------- Start: Fetch Configuration ------------------------
------------------------------------------------------------------------
[INFO] [2020-03-27 12:41:38,354 -0500[ - 
------------------------------------------------------------------------
-------------------- End: Fetch Configuration --------------------------
------------------------------------------------------------------------
[INFO] [2020-03-27 12:41:38,513 -0500[ - 
##### general #####
wss.url=https://saas.whitesourcesoftware.com/agent
resolveAllDependencies=false
requireKnownSha1=false
projectTag=
projectName=ksa-dao-context
productName=Demo
includes=**/*.jar,**/*.war,**/*.ear
forceUpdate.failBuildOnPolicyViolation=false
forceUpdate=false
forceCheckAllDependencies=false
excludes=**/*sources.jar,**/*javadoc.jar
enableImpactAnalysis=true
configFilePath=C:\WhiteSource\DemoProjects\wss-unified-agent-EUA-Java-DREW-GALE.config
checkPolicies=false
appPath=C:/WhiteSource/DemoProjects/ksa/ksa-dao-context/target/ksa-dao-context-3.9.0.jar
apiKey=******
#whiteSourceFolderPath=.
#userKey=
#updateType=OVERRIDE
#updateInventory=true
#updateEmptyProject=true
#scanReportTimeoutMinutes=10
#scanReportFilenameFormat=project_with_timestamp
#scanPackageManager=false
#scanComment=
#requesterEmail=
#recommendationDetector=false
#projectVersion=
#projectToken=
#projectPerFolderIncludes=*
#projectPerFolderExcludes=
#projectPerFolder=false
#productVersion=
#productToken=
#offline.zip=false
#offline.prettyJson=true
#offline=false
#log.level=info
#ignoreSourceFiles=false
#iaLanguage=
#generateScanReport=false
#generateProjectDetailsJson=false
#failErrorLevel=DEFAULT
#excludeDependenciesFromNodes=
#euaVul=euaVul.json
#euaRes=euaRes.json
#euaOffline=
#euaDep=euaDep.json
#docker.scanContainers=false
#analyzeMultiModule=
#analyzeFrameworksReference=analyzeFrameworks.txt
#analyzeFrameworks=false

#####  #####
#ignoreEuaNotices=informational
#euaRefactored=false

##### ANT #####
#ant.resolveDependencies=false
#ant.pathIdIncludes=
#ant.external.parameters=

##### archive #####
#archiveIncludes=
#archiveExtractionDepth=0
#archiveExcludes=

##### artifactory #####
#artifactory.userPassword=
#artifactory.userName=
#artifactory.url=
#artifactory.repoKeys=
#artifactory.includes=.*.*
#artifactory.excludes=
#artifactory.enableScan=false
#artifactory.accessToken=

##### bower #####
#bower.runPreStep=false
#bower.resolveDependencies=false
#bower.ignoreSourceFiles=false

##### cabal #####
#haskell.resolveDependencies=false

##### cargo #####
#cargo.runPreStep=false
#cargo.resolveDependencies=false
#cargo.ignoreSourceFiles=true

##### cocoapods #####
#cocoapods.runPreStep=false
#cocoapods.resolveDependencies=false
#cocoapods.ignoreSourceFiles=true

##### docker #####
#docker.scanTarFiles=false
#docker.scanImages=false
#docker.scan.maxImages=0
#docker.pull.tags=
#docker.pull.maxImages=10
#docker.pull.images=
#docker.pull.force=false
#docker.pull.enable=false
#docker.pull.digest=
#docker.login.sudo=true
#docker.includes=.*.*
#docker.includeSingleScan=
#docker.excludes=
#docker.delete.force=false
#docker.containerIncludes=.*.*
#docker.containerExcludes=

##### docker artifactory #####
#docker.artifactory.userPassword=
#docker.artifactory.userName=
#docker.artifactory.url=
#docker.artifactory.repositoriesNames=
#docker.artifactory.pullUrl=
#docker.artifactory.enable=false
#docker.artifactory.dockerAccessMethod= 

##### docker aws #####
#docker.aws.registryIds=
#docker.aws.region=east
#docker.aws.enable=false

##### docker azure #####
#docker.azure.userPassword=
#docker.azure.userName=
#docker.azure.registryNames=
#docker.azure.enable=false

##### docker google containers #####
#docker.gcr.repositories=
#docker.gcr.enable=false
#docker.gcr.account=

##### docker hub #####
#docker.hub.userPassword=
#docker.hub.userName=
#docker.hub.organizationsNames=
#docker.hub.enabled=false
#docker.hub.accessToken=

##### environment #####
followSymbolicLinks=true
case.sensitive.glob=false

##### go #####
#go.resolveDependencies=false
#go.ignoreSourceFiles=false
#go.gogradle.enableTaskAlias=false
#go.glide.ignoreTestPackages=true
#go.dependencyManager=
#go.collectDependenciesAtRuntime=false

##### gradle #####
gradle.resolveDependencies=true
gradle.aggregateModules=true
#gradle.wrapperPath=
#gradle.runPreStep=false
#gradle.runAssembleCommand=true
#gradle.preferredEnvironment=gradle
#gradle.localRepositoryPath=
#gradle.includedScopes=
#gradle.includedConfigurations=
#gradle.includeModules=
#gradle.ignoredScopes=
#gradle.ignoredConfigurations=
#gradle.ignoreSourceFiles=false
#gradle.excludeModules=
#gradle.additionalArguments=

##### hex #####
#hex.runPreStep=false
#hex.resolveDependencies=false
#hex.ignoreSourceFiles=true
#hex.aggregateModules=false

##### html #####
#html.resolveDependencies=false

##### maven #####
maven.resolveDependencies=true
maven.ignoredScopes=None
maven.ignoreMvnTreeErrors=false
maven.aggregateModules=true
#maven.runPreStep=false
#maven.projectNameFromDependencyFile=false
#maven.maxCacheFolderSize=
#maven.m2RepositoryPath=
#maven.ignoreSourceFiles=false
#maven.ignorePomModules=true
#maven.environmentPath=
#maven.downloadMissingDependencies=true
#maven.additionalArguments=

##### npm #####
#npm.yarnProject=false
#npm.yarn.frozenLockfile=false
#npm.timeoutDependenciesCollectorInSeconds=60
#npm.runPreStep=false
#npm.resolveMainPackageJsonOnly=false
#npm.resolveLockFile=false
#npm.resolveGlobalPackages=false
#npm.resolveDependencies=false
#npm.resolveAdditionalDependencies=false
#npm.removeDuplicateDependencies=true
#npm.projectNameFromDependencyFile=false
#npm.includeDevDependencies=false
#npm.ignoreSourceFiles=true
#npm.ignoreScripts=false
#npm.ignoreNpmLsErrors=false
#npm.ignoreJavaScriptFiles=true
#npm.identifyByNameAndVersion=false
#npm.failOnNpmLsErrors=
#npm.accessToken=

##### nuget #####
#nuget.runPreStep=false
#nuget.restoreDependencies=false
#nuget.resolvePackagesConfigFiles=true
#nuget.resolveNuspecFiles=true
#nuget.resolveDependencies=false
#nuget.resolveCsProjFiles=true
#nuget.preferredEnvironment=
#nuget.packagesDirectory=
#nuget.ignoreSourceFiles=true

##### ocaml #####
#ocaml.switchName=
#ocaml.runPreStep=false
#ocaml.resolveDependencies=false
#ocaml.ignoredScopes=with-test,with-doc
#ocaml.ignoreSourceFiles=false
#ocaml.aggregateModules=false

##### paket #####
#paket.runPreStep=false
#paket.resolveDependencies=false
#paket.ignoredGroups=
#paket.ignoreSourceFiles=true
#paket.exePath=

##### php #####
#php.runPreStep=false
#php.resolveDependencies=false
#php.includeDevDependencies=false
#php.ignoreSourceFiles=true

##### pub #####
#pub.runPreStep=false
#pub.resolveDependencies=false
#pub.includeDevDependencies=false
#pub.ignoreSourceFiles=true
#pub.dependencySourceExclude=

##### python #####
#python.uninstallWssPlugin=false
#python.runPoetryPreStep=false
#python.runPipenvPreStep=false
#python.resolveSetupPyFiles=false
#python.resolvePipEditablePackages=false
#python.resolveHierarchyTree=true
#python.resolveGlobalPackages=false
#python.resolveDependencies=false
#python.requirementsFileIncludes=requirements.txt,Pipfile,pyproject.toml
#python.pipenvDevDependencies=false
#python.pipPath=pip
#python.path=python
#python.isWssPluginInstalled=false
#python.isEmptyEnvironment=false
#python.installVirtualenv=false
#python.indexUrl=
#python.includePoetryDevDependencies=false
#python.ignoreSourceFiles=true
#python.ignorePipInstallErrors=false
#python.IgnorePipenvInstallErrors=false

##### r_language #####
#r.runPreStep=false
#r.resolveDependencies=false
#r.packageManager=packrat
#r.ignoreSourceFiles=true
#r.cranMirrorUrl=

##### ruby #####
#ruby.runBundleInstall=false
#ruby.resolveDependencies=false
#ruby.overwriteGemFile=false
#ruby.installMissingGems=false
#ruby.ignoreSourceFiles=true

##### sbt #####
sbt.targetFolder=
#sbt.runPreStep=false
#sbt.resolveDependencies=false
#sbt.includedScopes=compile,runtime
#sbt.ignoreSourceFiles=false
#sbt.aggregateModules=false

##### scm #####
#scm.url=
#scm.tag=
#scm.branch=

##### serverless #####
#serverless.scanFunctions=false
#serverless.region=
#serverless.provider=aws-lambda
#serverless.maxFunctions=10
#serverless.includes=
#serverless.excludes=

[DEBUG] [2020-03-27 12:41:39,295 -0500[ - Available processors (cores): 	8
Free memory (Mb): 	107
Max memory (Mb): 	256
Total memory (Mb): 	256
Used memory (Mb): 	148

[INFO] [2020-03-27 12:41:39,794 -0500[ - Starting analysis
[INFO] [2020-03-27 12:41:39,794 -0500[ - Scanning directories [C:\WhiteSource\DemoProjects\ksa\ksa-dao-context] for package dependencies (may take a few minutes)
[INFO] [2020-03-27 12:41:39,794 -0500[ - Included file types: **/*.jar,**/*.war,**/*.ear
[INFO] [2020-03-27 12:41:39,795 -0500[ - Excluded file types: **/*sources.jar,**/*javadoc.jar
[INFO] [2020-03-27 12:41:39,796 -0500[ - 
------------------------------------------------------------------------
-------------------- Start: Scan Files Matching Includes Pattern -------
------------------------------------------------------------------------
[DEBUG] [2020-03-27 12:41:39,796 -0500[ - Scanning C:\WhiteSource\DemoProjects\ksa\ksa-dao-context
[DEBUG] [2020-03-27 12:41:39,812 -0500[ - Dependency file found location: C:\WhiteSource\DemoProjects\ksa\ksa-dao-context\pom.xml
[INFO] [2020-03-27 12:41:40,527 -0500[ - Attempting to resolve dependencies
[INFO] [2020-03-27 12:41:40,528 -0500[ - 
------------------------------------------------------------------------
-------------------- Start: Pre-Step And Resolve Dependencies ----------
------------------------------------------------------------------------
[DEBUG] [2020-03-27 12:41:40,538 -0500[ - FilesFrom: MavenDependencyResolver, Dependency file found location: C:\WhiteSource\DemoProjects\ksa\ksa-dao-context\pom.xml
[DEBUG] [2020-03-27 12:41:40,569 -0500[ - found folders:

[DEBUG] [2020-03-27 12:41:40,618 -0500[ - C:\WhiteSource\DemoProjects\ksa
[DEBUG] [2020-03-27 12:41:40,619 -0500[ - 

[DEBUG] [2020-03-27 12:41:40,643 -0500[ - 

[DEBUG] [2020-03-27 12:41:40,650 -0500[ - Finishing reduce dependencies
[INFO] [2020-03-27 12:41:40,654 -0500[ - Trying to resolve MAVEN dependencies
[DEBUG] [2020-03-27 12:41:40,669 -0500[ - CommandLineProcess - executeProcessCommand - start execute command 'cmd /c jdeps.exe -version' in '.'
[DEBUG] [2020-03-27 12:41:45,842 -0500[ - CommandLineProcess - executeProcessCommand - start execute command 'cmd /c mvn -v' in '.'
[DEBUG] [2020-03-27 12:42:26,939 -0500[ - MAVEN installation status: true
[DEBUG] [2020-03-27 12:42:26,939 -0500[ - The command was run under C:\WhiteSource\DemoProjects\ksa\ksa-dao-context\.
[INFO] [2020-03-27 12:42:26,940 -0500[ - topFolder = C:\WhiteSource\DemoProjects\ksa\ksa-dao-context
[DEBUG] [2020-03-27 12:42:26,946 -0500[ - topFolder = C:\WhiteSource\DemoProjects\ksa\ksa-dao-context
[DEBUG] [2020-03-27 12:42:26,951 -0500[ - CommandLineProcess - executeProcessCommand - start execute command 'cmd /c mvn -v' in 'C:\WhiteSource\DemoProjects\ksa\ksa-dao-context'
[DEBUG] [2020-03-27 12:42:49,676 -0500[ - Command result output lines for 'cmd /c mvn -v':
[DEBUG] [2020-03-27 12:42:49,677 -0500[ - Read line #1: Apache Maven 3.6.3 (cecedd343002696d0abb50b32b541b8a6ba2883f)
[DEBUG] [2020-03-27 12:42:49,677 -0500[ - Read line #2: Maven home: C:\Program Files\apache-maven-3.6.3\bin\..
[DEBUG] [2020-03-27 12:42:49,681 -0500[ - Read line #3: Java version: 11.0.5, vendor: Oracle Corporation, runtime: C:\Progra~1\Java\jdk-11.0.5
[DEBUG] [2020-03-27 12:42:49,681 -0500[ - Read line #4: Default locale: en_US, platform encoding: Cp1252
[DEBUG] [2020-03-27 12:42:49,682 -0500[ - Read line #5: OS name: "windows 10", version: "10.0", arch: "amd64", family: "windows"
[DEBUG] [2020-03-27 12:42:49,693 -0500[ - Maven : [Apache Maven 3.6.3 (cecedd343002696d0abb50b32b541b8a6ba2883f), Maven home: C:\Program Files\apache-maven-3.6.3\bin\.., Java version: 11.0.5, vendor: Oracle Corporation, runtime: C:\Progra~1\Java\jdk-11.0.5, Default locale: en_US, platform encoding: Cp1252, OS name: "windows 10", version: "10.0", arch: "amd64", family: "windows"]
[DEBUG] [2020-03-27 12:42:49,697 -0500[ - CommandLineProcess - executeProcessCommand - start execute command 'cmd /c mvn -T1 dependency:tree -DoutputFile=whitesource_mvn_dependency_tree.txt -B' in 'C:\WhiteSource\DemoProjects\ksa\ksa-dao-context'
[DEBUG] [2020-03-27 12:43:28,873 -0500[ - Command result output lines for 'cmd /c mvn -T1 dependency:tree -DoutputFile=whitesource_mvn_dependency_tree.txt -B':
[DEBUG] [2020-03-27 12:43:29,125 -0500[ - Read line #1: [INFO] Scanning for projects...
[DEBUG] [2020-03-27 12:43:29,165 -0500[ - Read line #2: [INFO] 
[DEBUG] [2020-03-27 12:43:29,223 -0500[ - Read line #3: [INFO] ----------------------< com.ksa:ksa-dao-context >-----------------------
[DEBUG] [2020-03-27 12:43:29,228 -0500[ - Read line #4: [INFO] Building ksa-dao-context 3.9.0
[DEBUG] [2020-03-27 12:43:29,229 -0500[ - Read line #5: [INFO] --------------------------------[ jar ]---------------------------------
[DEBUG] [2020-03-27 12:43:29,230 -0500[ - Read line #6: [INFO] 
[DEBUG] [2020-03-27 12:43:29,231 -0500[ - Read line #7: [INFO] --- maven-dependency-plugin:2.8:tree (default-cli) @ ksa-dao-context ---
[DEBUG] [2020-03-27 12:43:29,233 -0500[ - Read line #8: [INFO] Wrote dependency tree to: C:\WhiteSource\DemoProjects\ksa\ksa-dao-context\whitesource_mvn_dependency_tree.txt
[DEBUG] [2020-03-27 12:43:29,249 -0500[ - Read line #9: [INFO] ------------------------------------------------------------------------
[DEBUG] [2020-03-27 12:43:29,249 -0500[ - Read line #10: [INFO] BUILD SUCCESS
[DEBUG] [2020-03-27 12:43:29,250 -0500[ - Read line #11: [INFO] ------------------------------------------------------------------------
[DEBUG] [2020-03-27 12:43:29,250 -0500[ - Read line #12: [INFO] Total time:  7.864 s
[DEBUG] [2020-03-27 12:43:29,252 -0500[ - Read line #13: [INFO] Finished at: 2020-03-27T12:43:26-05:00
[DEBUG] [2020-03-27 12:43:29,252 -0500[ - Read line #14: [INFO] ------------------------------------------------------------------------
[INFO] [2020-03-27 12:43:29,259 -0500[ - Start parsing pom files
[INFO] [2020-03-27 12:43:29,260 -0500[ - Reading maven dependencies tree output file 'C:\WhiteSource\DemoProjects\ksa\ksa-dao-context\whitesource_mvn_dependency_tree.txt'
[INFO] [2020-03-27 12:43:29,330 -0500[ - com.ksa:ksa-dao-context:jar:3.9.0
[INFO] [2020-03-27 12:43:29,331 -0500[ - +- org.mybatis:mybatis:jar:3.1.1:compile
[INFO] [2020-03-27 12:43:29,331 -0500[ - +- org.mybatis:mybatis-spring:jar:1.1.1:compile
[INFO] [2020-03-27 12:43:29,332 -0500[ - |  +- org.springframework:spring-core:jar:3.1.1.RELEASE:compile
[INFO] [2020-03-27 12:43:29,333 -0500[ - |  |  \- commons-logging:commons-logging:jar:1.1.1:compile
[INFO] [2020-03-27 12:43:29,334 -0500[ - |  +- org.springframework:spring-tx:jar:3.1.1.RELEASE:compile
[INFO] [2020-03-27 12:43:29,335 -0500[ - |  |  \- org.springframework:spring-beans:jar:3.1.1.RELEASE:compile
[INFO] [2020-03-27 12:43:29,336 -0500[ - |  +- org.springframework:spring-jdbc:jar:3.1.1.RELEASE:compile
[INFO] [2020-03-27 12:43:29,336 -0500[ - |  \- org.springframework:spring-context:jar:3.1.1.RELEASE:compile
[INFO] [2020-03-27 12:43:29,337 -0500[ - |     +- org.springframework:spring-aop:jar:3.1.1.RELEASE:compile
[INFO] [2020-03-27 12:43:29,337 -0500[ - |     |  \- aopalliance:aopalliance:jar:1.0:compile
[INFO] [2020-03-27 12:43:29,337 -0500[ - |     +- org.springframework:spring-expression:jar:3.1.1.RELEASE:compile
[INFO] [2020-03-27 12:43:29,338 -0500[ - |     \- org.springframework:spring-asm:jar:3.1.1.RELEASE:compile
[INFO] [2020-03-27 12:43:29,338 -0500[ - +- com.ksa:ksa-core:jar:3.9.0:compile
[INFO] [2020-03-27 12:43:29,338 -0500[ - |  +- commons-lang:commons-lang:jar:2.6:compile
[INFO] [2020-03-27 12:43:29,338 -0500[ - |  \- com.ksa:ksa-debug:jar:3.9.0:compile
[INFO] [2020-03-27 12:43:29,338 -0500[ - |     +- commons-dbcp:commons-dbcp:jar:1.4:compile
[INFO] [2020-03-27 12:43:29,338 -0500[ - |     |  \- commons-pool:commons-pool:jar:1.5.4:compile
[INFO] [2020-03-27 12:43:29,339 -0500[ - |     +- com.h2database:h2:jar:1.3.162:compile
[INFO] [2020-03-27 12:43:29,339 -0500[ - |     +- mysql:mysql-connector-java:jar:5.1.18:compile
[INFO] [2020-03-27 12:43:29,339 -0500[ - |     \- org.freemarker:freemarker:jar:2.3.18:compile
[INFO] [2020-03-27 12:43:29,339 -0500[ - +- org.slf4j:slf4j-api:jar:1.6.1:compile
[INFO] [2020-03-27 12:43:29,340 -0500[ - +- junit:junit:jar:4.8.2:test
[INFO] [2020-03-27 12:43:29,340 -0500[ - +- org.slf4j:slf4j-log4j12:jar:1.6.1:test
[INFO] [2020-03-27 12:43:29,340 -0500[ - \- log4j:log4j:jar:1.2.16:test
[INFO] [2020-03-27 12:43:29,356 -0500[ - End parsing pom files , found : ksa-dao-context
[INFO] [2020-03-27 12:43:29,356 -0500[ - The following maven scopes will be ignored : []
[DEBUG] [2020-03-27 12:43:29,362 -0500[ - converting node to dependency :mybatis
[DEBUG] [2020-03-27 12:43:29,363 -0500[ - converting node to dependency :mybatis-spring
[DEBUG] [2020-03-27 12:43:29,364 -0500[ - converting node to dependency :spring-core
[DEBUG] [2020-03-27 12:43:29,365 -0500[ - converting node to dependency :commons-logging
[DEBUG] [2020-03-27 12:43:29,365 -0500[ - converting node to dependency :spring-tx
[DEBUG] [2020-03-27 12:43:29,366 -0500[ - converting node to dependency :spring-beans
[DEBUG] [2020-03-27 12:43:29,367 -0500[ - converting node to dependency :spring-jdbc
[DEBUG] [2020-03-27 12:43:29,367 -0500[ - converting node to dependency :spring-context
[DEBUG] [2020-03-27 12:43:29,368 -0500[ - converting node to dependency :spring-aop
[DEBUG] [2020-03-27 12:43:29,368 -0500[ - converting node to dependency :aopalliance
[DEBUG] [2020-03-27 12:43:29,369 -0500[ - converting node to dependency :spring-expression
[DEBUG] [2020-03-27 12:43:29,369 -0500[ - converting node to dependency :spring-asm
[DEBUG] [2020-03-27 12:43:29,370 -0500[ - converting node to dependency :ksa-core
[DEBUG] [2020-03-27 12:43:29,370 -0500[ - converting node to dependency :commons-lang
[DEBUG] [2020-03-27 12:43:29,371 -0500[ - converting node to dependency :ksa-debug
[DEBUG] [2020-03-27 12:43:29,371 -0500[ - converting node to dependency :commons-dbcp
[DEBUG] [2020-03-27 12:43:29,372 -0500[ - converting node to dependency :commons-pool
[DEBUG] [2020-03-27 12:43:29,372 -0500[ - converting node to dependency :h2
[DEBUG] [2020-03-27 12:43:29,373 -0500[ - converting node to dependency :mysql-connector-java
[DEBUG] [2020-03-27 12:43:29,373 -0500[ - converting node to dependency :freemarker
[DEBUG] [2020-03-27 12:43:29,374 -0500[ - converting node to dependency :slf4j-api
[DEBUG] [2020-03-27 12:43:29,375 -0500[ - converting node to dependency :junit
[DEBUG] [2020-03-27 12:43:29,375 -0500[ - converting node to dependency :slf4j-log4j12
[DEBUG] [2020-03-27 12:43:29,376 -0500[ - converting node to dependency :log4j
[DEBUG] [2020-03-27 12:43:29,796 -0500[ - Project/Module coordinates: Coordinates@59d2afcf[groupId= com.ksa,artifactId= ksa-dao-context,version= 3.9.0 ]
[DEBUG] [2020-03-27 12:43:29,796 -0500[ - Total project direct dependencies found : 7
[DEBUG] [2020-03-27 12:43:29,798 -0500[ - ProjectInfo direct dependency added : 7
[INFO] [2020-03-27 12:43:29,887 -0500[ - 
------------------------------------------------------------------------
-------------------- End: Pre-Step And Resolve Dependencies ------------
------------------------------------------------------------------------
[DEBUG] [2020-03-27 12:43:30,068 -0500[ - total resolved projects =1
[INFO] [2020-03-27 12:43:30,070 -0500[ - Total dependencies found for all resolvers: 24 (24 unique)
[INFO] [2020-03-27 12:43:30,072 -0500[ - Scanning directories [C:\WhiteSource\DemoProjects\ksa\ksa-dao-context] for matching source/binary file types (may take a few minutes)
[DEBUG] [2020-03-27 12:43:30,072 -0500[ - Scanning C:\WhiteSource\DemoProjects\ksa\ksa-dao-context
[DEBUG] [2020-03-27 12:43:30,164 -0500[ - File/Folder Excluded: target\ksa-dao-context-3.9.0-sources.jar
[DEBUG] [2020-03-27 12:43:30,165 -0500[ - Dependency file found location: C:\WhiteSource\DemoProjects\ksa\ksa-dao-context\target\ksa-dao-context-3.9.0.jar
[INFO] [2020-03-27 12:43:30,179 -0500[ - Total files found according to the includes/excludes pattern: 1
[INFO] [2020-03-27 12:43:30,270 -0500[ - 
------------------------------------------------------------------------
-------------------- End: Scan Files Matching Includes Pattern ---------
------------------------------------------------------------------------
[INFO] [2020-03-27 12:43:30,271 -0500[ - Finished analyzing Files
[DEBUG] [2020-03-27 12:43:30,271 -0500[ - Available processors (cores): 	8
Free memory (Mb): 	99
Max memory (Mb): 	256
Total memory (Mb): 	256
Used memory (Mb): 	156

[INFO] [2020-03-27 12:43:30,295 -0500[ - Initializing WhiteSource Client
[DEBUG] [2020-03-27 12:43:30,296 -0500[ - Setting project tags
[INFO] [2020-03-27 12:43:30,300 -0500[ - Service URL is https://saas.whitesourcesoftware.com/agent
[INFO] [2020-03-27 12:43:31,759 -0500[ - UpdateType set to OVERRIDE 
[INFO] [2020-03-27 12:43:31,761 -0500[ - Effective Usage Analysis version: 2020.2.3.746
[INFO] [2020-03-27 12:43:31,762 -0500[ - 
------------------------------------------------------------------------
-------------------- Start: Effective Usage Analysis -------------------
------------------------------------------------------------------------
[INFO] [2020-03-27 12:43:31,812 -0500[ - Starting analysis for: C:/WhiteSource/DemoProjects/ksa/ksa-dao-context/target/ksa-dao-context-3.9.0.jar
[INFO] [2020-03-27 12:43:31,814 -0500[ - --------------------Effective Usage Analysis----------------------

[INFO] [2020-03-27 12:43:55,757 -0500[ - Analysis finished (0:00:23)                                         

[INFO] [2020-03-27 12:43:55,758 -0500[ - SUMMARY
[INFO] [2020-03-27 12:43:55,758 -0500[ - ----------------------------------------

[INFO] [2020-03-27 12:43:55,758 -0500[ - [EUA000] Analysis completed successfully
[INFO] [2020-03-27 12:43:55,759 -0500[ - ------------------------------------------------------------------

[INFO] [2020-03-27 12:43:55,763 -0500[ - Got impact analysis result from server
[INFO] [2020-03-27 12:43:55,763 -0500[ - 
------------------------------------------------------------------------
-------------------- End: Effective Usage Analysis ---------------------
------------------------------------------------------------------------
[INFO] [2020-03-27 12:43:55,764 -0500[ - Sending Update
[INFO] [2020-03-27 12:43:55,765 -0500[ - 
------------------------------------------------------------------------
-------------------- Start: Update Inventory ---------------------------
------------------------------------------------------------------------
[INFO] [2020-03-27 12:43:56,792 -0500[ - 
------------------------------------------------------------------------
-------------------- End: Update Inventory -----------------------------
------------------------------------------------------------------------
[INFO] [2020-03-27 12:43:56,792 -0500[ - Inventory update results for WS_DREW_GALE_ORG
[INFO] [2020-03-27 12:43:56,793 -0500[ - Newly created projects:
[INFO] [2020-03-27 12:43:56,793 -0500[ - # ksa-dao-context
[INFO] [2020-03-27 12:43:56,793 -0500[ - No projects were updated.
[INFO] [2020-03-27 12:43:56,793 -0500[ - Project name: ksa-dao-context, URL: https://saas.whitesourcesoftware.com/Wss/WSS.html#!project;id=2117323
[INFO] [2020-03-27 12:43:56,794 -0500[ - Support Token: 0983d1afa4171413c93d3e8ee9e8cd9f81585331034748
[DEBUG] [2020-03-27 12:43:56,796 -0500[ - Process finished with exit code SUCCESS (Inventory update results for WS_DREW_GALE_ORG
Newly created projects:
ksa-dao-context
No projects were updated.

Project name: ksa-dao-context, project URL:https://saas.whitesourcesoftware.com/Wss/WSS.html#!project;id=2117323
Support Token: 0983d1afa4171413c93d3e8ee9e8cd9f81585331034748)
[INFO] [2020-03-27 12:43:56,796 -0500[ - Log files are found at: .\whitesource\Fri-Mar-27-2020-12.41.32
[INFO] [2020-03-27 12:43:56,809 -0500[ - 
------------------------------------------------------------------------------------------------------------------------------------------------------
------------------------------------------------------------- WhiteSource Scan Summary: --------------------------------------------------------------
------------------------------------------------------------------------------------------------------------------------------------------------------
======================================================================================================================================================
Scan Origin: Local File System
======================================================================================================================================================
Step                                              Completion Status               Elapsed                  Comments
======================================================================================================================================================
Fetch Configuration                                  COMPLETED                  00:00:03.769               --------
Pre-Step And Resolve Dependencies                    COMPLETED                  00:01:44.048               24 total dependencies (24 unique)
   MAVEN                                             COMPLETED                  00:01:44.048               24 total dependencies (24 unique)
Scan Files Matching Includes Pattern                 COMPLETED                  00:00:00.820               1 source/binary files
   jar                                               COMPLETED                    --------                 1 source/binary files
Effective Usage Analysis                             COMPLETED                  00:00:24.001               --------
Update Inventory                                     COMPLETED                  00:00:01.027               0 updated projects

======================================================================================================================================================
Elapsed running time:                                                           00:02:13.665
======================================================================================================================================================
Process finished with exit code SUCCESS (0)
